#
# There is insufficient memory for the Java Runtime Environment to continue.
# Native memory allocation (malloc) failed to allocate 1636336 bytes for Chunk::new
# Possible reasons:
#   The system is out of physical RAM or swap space
#   In 32 bit mode, the process size limit was hit
# Possible solutions:
#   Reduce memory load on the system
#   Increase physical memory or swap space
#   Check if swap backing store is full
#   Use 64 bit Java on a 64 bit OS
#   Decrease Java heap size (-Xmx/-Xms)
#   Decrease number of Java threads
#   Decrease Java thread stack sizes (-Xss)
#   Set larger code cache with -XX:ReservedCodeCacheSize=
# This output file may be truncated or incomplete.
#
#  Out of Memory Error (allocation.cpp:390), pid=5352, tid=0x0000000000002738
#
# JRE version: OpenJDK Runtime Environment (8.0_112-b06) (build 1.8.0_112-release-b06)
# Java VM: OpenJDK 64-Bit Server VM (25.112-b06 mixed mode windows-amd64 compressed oops)
# Failed to write core dump. Minidumps are not enabled by default on client versions of Windows
#

---------------  T H R E A D  ---------------

Current thread (0x00000000184ed000):  JavaThread "C2 CompilerThread0" daemon [_thread_in_native, id=10040, stack(0x0000000018cb0000,0x0000000018db0000)]

Stack: [0x0000000018cb0000,0x0000000018db0000]
[error occurred during error reporting (printing stack bounds), id 0xc0000005]

Native frames: (J=compiled Java code, j=interpreted, Vv=VM code, C=native code)


Current CompileTask:
C2:   4312 1491       4       java.net.URLClassLoader$1::run (5 bytes)


---------------  P R O C E S S  ---------------

Java Threads: ( => current thread )
  0x000000001abf8800 JavaThread "File lock request listener" [_thread_in_native, id=8, stack(0x000000001d0a0000,0x000000001d1a0000)]
  0x000000001a61f800 JavaThread "Stdin handler" [_thread_blocked, id=12168, stack(0x000000001cca0000,0x000000001cda0000)]
  0x000000001a61a000 JavaThread "Asynchronous log dispatcher for DefaultDaemonConnection: socket connection from /127.0.0.1:57222 to /127.0.0.1:57223" [_thread_blocked, id=3248, stack(0x000000001cba0000,0x000000001cca0000)]
  0x000000001a318000 JavaThread "pool-1-thread-1" [_thread_blocked, id=10688, stack(0x000000001caa0000,0x000000001cba0000)]
  0x000000001a310800 JavaThread "Daemon worker" [_thread_in_native, id=6500, stack(0x000000001c9a0000,0x000000001caa0000)]
  0x000000001a305800 JavaThread "Cancel handler" [_thread_blocked, id=13640, stack(0x000000001c8a0000,0x000000001c9a0000)]
  0x000000001a571800 JavaThread "Handler for socket connection from /127.0.0.1:57222 to /127.0.0.1:57223" [_thread_in_native, id=8332, stack(0x000000001c7a0000,0x000000001c8a0000)]
  0x000000001a56b000 JavaThread "Daemon" [_thread_blocked, id=2596, stack(0x000000001c6a0000,0x000000001c7a0000)]
  0x000000001a0ce800 JavaThread "Incoming local TCP Connector on port 57222" [_thread_in_native, id=13968, stack(0x000000001aa80000,0x000000001ab80000)]
  0x000000001850f800 JavaThread "Service Thread" daemon [_thread_blocked, id=1508, stack(0x00000000190b0000,0x00000000191b0000)]
  0x00000000165fb000 JavaThread "C1 CompilerThread3" daemon [_thread_blocked, id=10576, stack(0x0000000018fb0000,0x00000000190b0000)]
  0x00000000184f3800 JavaThread "C2 CompilerThread2" daemon [_thread_in_native, id=13408, stack(0x0000000018eb0000,0x0000000018fb0000)]
  0x00000000184ef800 JavaThread "C2 CompilerThread1" daemon [_thread_in_native, id=9904, stack(0x0000000018db0000,0x0000000018eb0000)]
=>0x00000000184ed000 JavaThread "C2 CompilerThread0" daemon [_thread_in_native, id=10040, stack(0x0000000018cb0000,0x0000000018db0000)]
  0x00000000184ea800 JavaThread "Attach Listener" daemon [_thread_blocked, id=13972, stack(0x0000000018bb0000,0x0000000018cb0000)]
  0x000000000282e800 JavaThread "Signal Dispatcher" daemon [_thread_blocked, id=10820, stack(0x0000000018ab0000,0x0000000018bb0000)]
  0x00000000165f1800 JavaThread "Finalizer" daemon [_thread_blocked, id=8804, stack(0x00000000188c0000,0x00000000189c0000)]
  0x00000000165ea800 JavaThread "Reference Handler" daemon [_thread_blocked, id=5720, stack(0x00000000183c0000,0x00000000184c0000)]
  0x0000000002730800 JavaThread "main" [_thread_blocked, id=14436, stack(0x0000000002560000,0x0000000002660000)]

Other Threads:
  0x00000000165e5800 VMThread [stack: 0x00000000182c0000,0x00000000183c0000] [id=10732]
  0x00000000185a4800 WatcherThread [stack: 0x00000000191b0000,0x00000000192b0000] [id=1176]

VM state:not at safepoint (normal execution)

VM Mutex/Monitor currently owned by a thread:  ([mutex/lock_event])
[0x000000000272bc00] SystemDictionary_lock - owner thread: 0x0000000000000000

Heap:
 PSYoungGen      total 76288K, used 53406K [0x00000000e0000000, 0x00000000e5500000, 0x0000000100000000)
  eden space 65536K, 69% used [0x00000000e0000000,0x00000000e2c817d8,0x00000000e4000000)
  from space 10752K, 72% used [0x00000000e4000000,0x00000000e47a6238,0x00000000e4a80000)
  to   space 10752K, 0% used [0x00000000e4a80000,0x00000000e4a80000,0x00000000e5500000)
 ParOldGen       total 175104K, used 16K [0x00000000a0000000, 0x00000000aab00000, 0x00000000e0000000)
  object space 175104K, 0% used [0x00000000a0000000,0x00000000a0004000,0x00000000aab00000)
 Metaspace       used 17063K, capacity 17448K, committed 17664K, reserved 1064960K
  class space    used 2371K, capacity 2494K, committed 2560K, reserved 1048576K

Card table byte_map: [0x0000000011bf0000,0x0000000011f00000] byte_map_base: 0x00000000116f0000

Marking Bits: (ParMarkBitMap*) 0x0000000055ad18f0
 Begin Bits: [0x0000000012900000, 0x0000000014100000)
 End Bits:   [0x0000000014100000, 0x0000000015900000)

Polling page: 0x0000000000d00000

CodeCache: size=245760Kb used=5515Kb max_used=5515Kb free=240244Kb
 bounds [0x0000000002830000, 0x0000000002da0000, 0x0000000011830000]
 total_blobs=1963 nmethods=1568 adapters=308
 compilation: enabled

Compilation events (10 events):
Event: 4.259 Thread 0x00000000184ef800 1568       4       sun.security.provider.MD5::HH (29 bytes)
Event: 4.260 Thread 0x00000000184ef800 nmethod 1568 0x0000000002d8fed0 code [0x0000000002d90000, 0x0000000002d90078]
Event: 4.260 Thread 0x00000000184ef800 1569       4       sun.security.provider.MD5::II (31 bytes)
Event: 4.260 Thread 0x00000000184ef800 nmethod 1569 0x0000000002d8fcd0 code [0x0000000002d8fe00, 0x0000000002d8fe78]
Event: 4.263 Thread 0x00000000165fb000 nmethod 1570 0x0000000002d940d0 code [0x0000000002d94460, 0x0000000002d96b68]
Event: 4.263 Thread 0x00000000165fb000 1571       3       sun.security.provider.ByteArrayAccess::b2iLittle64 (614 bytes)
Event: 4.263 Thread 0x00000000165fb000 nmethod 1571 0x0000000002d92310 code [0x0000000002d924a0, 0x0000000002d92a28]
Event: 4.263 Thread 0x00000000165fb000 1572       3       java.util.LinkedList::<init> (10 bytes)
Event: 4.263 Thread 0x00000000165fb000 nmethod 1572 0x0000000002d8f750 code [0x0000000002d8f8c0, 0x0000000002d8fb90]
Event: 4.305 Thread 0x00000000184ef800 1573   !   4       sun.misc.URLClassPath$JarLoader::getResource (85 bytes)

GC Heap History (2 events):
Event: 1.992 GC heap before
{Heap before GC invocations=1 (full 0):
 PSYoungGen      total 76288K, used 65536K [0x00000000e0000000, 0x00000000e5500000, 0x0000000100000000)
  eden space 65536K, 100% used [0x00000000e0000000,0x00000000e4000000,0x00000000e4000000)
  from space 10752K, 0% used [0x00000000e4a80000,0x00000000e4a80000,0x00000000e5500000)
  to   space 10752K, 0% used [0x00000000e4000000,0x00000000e4000000,0x00000000e4a80000)
 ParOldGen       total 175104K, used 0K [0x00000000a0000000, 0x00000000aab00000, 0x00000000e0000000)
  object space 175104K, 0% used [0x00000000a0000000,0x00000000a0000000,0x00000000aab00000)
 Metaspace       used 12618K, capacity 12992K, committed 13056K, reserved 1060864K
  class space    used 1639K, capacity 1741K, committed 1792K, reserved 1048576K
Event: 2.002 GC heap after
Heap after GC invocations=1 (full 0):
 PSYoungGen      total 76288K, used 7832K [0x00000000e0000000, 0x00000000e5500000, 0x0000000100000000)
  eden space 65536K, 0% used [0x00000000e0000000,0x00000000e0000000,0x00000000e4000000)
  from space 10752K, 72% used [0x00000000e4000000,0x00000000e47a6238,0x00000000e4a80000)
  to   space 10752K, 0% used [0x00000000e4a80000,0x00000000e4a80000,0x00000000e5500000)
 ParOldGen       total 175104K, used 16K [0x00000000a0000000, 0x00000000aab00000, 0x00000000e0000000)
  object space 175104K, 0% used [0x00000000a0000000,0x00000000a0004000,0x00000000aab00000)
 Metaspace       used 12618K, capacity 12992K, committed 13056K, reserved 1060864K
  class space    used 1639K, capacity 1741K, committed 1792K, reserved 1048576K
}

Deoptimization events (10 events):
Event: 3.899 Thread 0x000000001a310800 Uncommon trap: reason=predicate action=maybe_recompile pc=0x0000000002d18d08 method=sun.security.provider.DigestBase.implCompressMultiBlock([BII)I @ 5
Event: 3.915 Thread 0x000000001a310800 Uncommon trap: reason=unstable_if action=reinterpret pc=0x0000000002aff190 method=java.lang.AbstractStringBuilder.append(Ljava/lang/String;)Ljava/lang/AbstractStringBuilder; @ 1
Event: 3.916 Thread 0x000000001a310800 Uncommon trap: reason=unstable_if action=reinterpret pc=0x0000000002a4bbfc method=java.lang.AbstractStringBuilder.append(Ljava/lang/String;)Ljava/lang/AbstractStringBuilder; @ 1
Event: 4.071 Thread 0x000000001a310800 Uncommon trap: reason=class_check action=maybe_recompile pc=0x0000000002a014e8 method=java.lang.String.equals(Ljava/lang/Object;)Z @ 8
Event: 4.071 Thread 0x000000001a310800 Uncommon trap: reason=class_check action=maybe_recompile pc=0x0000000002a014e8 method=java.lang.String.equals(Ljava/lang/Object;)Z @ 8
Event: 4.072 Thread 0x000000001a310800 Uncommon trap: reason=class_check action=maybe_recompile pc=0x0000000002a014e8 method=java.lang.String.equals(Ljava/lang/Object;)Z @ 8
Event: 4.072 Thread 0x000000001a310800 Uncommon trap: reason=class_check action=maybe_recompile pc=0x0000000002a014e8 method=java.lang.String.equals(Ljava/lang/Object;)Z @ 8
Event: 4.280 Thread 0x000000001a310800 Uncommon trap: reason=unstable_if action=reinterpret pc=0x0000000002b6af3c method=java.io.WinNTFileSystem.normalize(Ljava/lang/String;II)Ljava/lang/String; @ 90
Event: 4.281 Thread 0x000000001a310800 Uncommon trap: reason=class_check action=maybe_recompile pc=0x0000000002a1a4c8 method=sun.misc.URLClassPath.getLoader(I)Lsun/misc/URLClassPath$Loader; @ 94
Event: 4.281 Thread 0x000000001a310800 Uncommon trap: reason=class_check action=maybe_recompile pc=0x0000000002b2376c method=sun.misc.URLClassPath.getResource(Ljava/lang/String;Z)Lsun/misc/Resource; @ 62

Internal exceptions (10 events):
Event: 2.707 Thread 0x000000001a310800 Exception <a 'java/lang/NoSuchMethodError': <clinit>> (0x00000000e232fcc8) thrown at [C:\src\android\AOSP-openjdk\external\jetbrains\jdk\hotspot\src\share\vm\prims\jni.cpp, line 1613]
Event: 2.708 Thread 0x000000001a310800 Exception <a 'java/lang/NoSuchMethodError': <clinit>> (0x00000000e233bfa8) thrown at [C:\src\android\AOSP-openjdk\external\jetbrains\jdk\hotspot\src\share\vm\prims\jni.cpp, line 1613]
Event: 2.709 Thread 0x000000001a310800 Exception <a 'java/lang/NoSuchMethodError': <clinit>> (0x00000000e2346418) thrown at [C:\src\android\AOSP-openjdk\external\jetbrains\jdk\hotspot\src\share\vm\prims\jni.cpp, line 1613]
Event: 3.527 Thread 0x000000001a310800 Exception <a 'java/lang/NoSuchMethodError': <clinit>> (0x00000000e24a8e00) thrown at [C:\src\android\AOSP-openjdk\external\jetbrains\jdk\hotspot\src\share\vm\prims\jni.cpp, line 1613]
Event: 3.799 Thread 0x000000001a310800 Exception <a 'java/lang/NoSuchMethodError': <clinit>> (0x00000000e24ec7a0) thrown at [C:\src\android\AOSP-openjdk\external\jetbrains\jdk\hotspot\src\share\vm\prims\jni.cpp, line 1613]
Event: 3.801 Thread 0x000000001a310800 Exception <a 'java/lang/NoSuchMethodError': <clinit>> (0x00000000e24ff728) thrown at [C:\src\android\AOSP-openjdk\external\jetbrains\jdk\hotspot\src\share\vm\prims\jni.cpp, line 1613]
Event: 3.803 Thread 0x000000001a310800 Exception <a 'java/lang/NoSuchMethodError': <clinit>> (0x00000000e25122b8) thrown at [C:\src\android\AOSP-openjdk\external\jetbrains\jdk\hotspot\src\share\vm\prims\jni.cpp, line 1613]
Event: 3.818 Thread 0x000000001a310800 Exception <a 'java/lang/NoSuchMethodError': <clinit>> (0x00000000e25280b0) thrown at [C:\src\android\AOSP-openjdk\external\jetbrains\jdk\hotspot\src\share\vm\prims\jni.cpp, line 1613]
Event: 3.915 Thread 0x000000001a310800 Implicit null exception at 0x0000000002afedd6 to 0x0000000002aff179
Event: 3.916 Thread 0x000000001a310800 Implicit null exception at 0x0000000002a4b797 to 0x0000000002a4bbe5

Events (10 events):
Event: 4.305 loading class org/codehaus/groovy/runtime/InvokerHelper$NullScript
Event: 4.305 loading class org/codehaus/groovy/runtime/InvokerHelper$NullScript done
Event: 4.307 loading class org/codehaus/groovy/runtime/InvokerHelper$1
Event: 4.307 loading class org/codehaus/groovy/runtime/InvokerHelper$1 done
Event: 4.308 loading class groovy/lang/SpreadMapEvaluatingException
Event: 4.308 loading class groovy/lang/SpreadMapEvaluatingException done
Event: 4.308 loading class org/codehaus/groovy/runtime/InvokerInvocationException
Event: 4.308 loading class org/codehaus/groovy/runtime/InvokerInvocationException done
Event: 4.309 loading class org/codehaus/groovy/runtime/metaclass/MetaClassRegistryImpl
Event: 4.309 loading class org/codehaus/groovy/runtime/metaclass/MetaClassRegistryImpl done


Dynamic libraries:
0x00007ff78e7a0000 - 0x00007ff78e7d1000 	D:\Program Files\Android\Android Studio\jre\bin\java.exe
0x00007fffc9920000 - 0x00007fffc9afb000 	C:\WINDOWS\SYSTEM32\ntdll.dll
0x00007fffc71c0000 - 0x00007fffc726e000 	C:\WINDOWS\System32\KERNEL32.DLL
0x00007fffc6880000 - 0x00007fffc6ac9000 	C:\WINDOWS\System32\KERNELBASE.dll
0x00007fffc78c0000 - 0x00007fffc7961000 	C:\WINDOWS\System32\ADVAPI32.dll
0x00007fffc7ba0000 - 0x00007fffc7c3d000 	C:\WINDOWS\System32\msvcrt.dll
0x00007fffc7420000 - 0x00007fffc7479000 	C:\WINDOWS\System32\sechost.dll
0x00007fffc7080000 - 0x00007fffc71a5000 	C:\WINDOWS\System32\RPCRT4.dll
0x00007fffc97d0000 - 0x00007fffc991a000 	C:\WINDOWS\System32\USER32.dll
0x00007fffc5e40000 - 0x00007fffc5e5e000 	C:\WINDOWS\System32\win32u.dll
0x00007fffc7b70000 - 0x00007fffc7b97000 	C:\WINDOWS\System32\GDI32.dll
0x00007fffc6cf0000 - 0x00007fffc6e78000 	C:\WINDOWS\System32\gdi32full.dll
0x00007fffc6630000 - 0x00007fffc66ca000 	C:\WINDOWS\System32\msvcp_win.dll
0x00007fffc6780000 - 0x00007fffc6876000 	C:\WINDOWS\System32\ucrtbase.dll
0x00007fffba020000 - 0x00007fffba287000 	C:\WINDOWS\WinSxS\amd64_microsoft.windows.common-controls_6595b64144ccf1df_6.0.15063.483_none_26002d27e7c744a2\COMCTL32.dll
0x00007fffc91d0000 - 0x00007fffc94c9000 	C:\WINDOWS\System32\combase.dll
0x00007fffc65c0000 - 0x00007fffc662a000 	C:\WINDOWS\System32\bcryptPrimitives.dll
0x00007fffc6ff0000 - 0x00007fffc701d000 	C:\WINDOWS\System32\IMM32.DLL
0x0000000055150000 - 0x0000000055222000 	D:\Program Files\Android\Android Studio\jre\jre\bin\msvcr100.dll
0x0000000055310000 - 0x0000000055b4c000 	D:\Program Files\Android\Android Studio\jre\jre\bin\server\jvm.dll
0x00007fffc7410000 - 0x00007fffc7418000 	C:\WINDOWS\System32\PSAPI.DLL
0x00007fffc2f00000 - 0x00007fffc2f09000 	C:\WINDOWS\SYSTEM32\WSOCK32.dll
0x00007fffc0000000 - 0x00007fffc000a000 	C:\WINDOWS\SYSTEM32\VERSION.dll
0x00007fffc4250000 - 0x00007fffc4273000 	C:\WINDOWS\SYSTEM32\WINMM.dll
0x00007fffc7c40000 - 0x00007fffc7cac000 	C:\WINDOWS\System32\WS2_32.dll
0x00007fffc3f60000 - 0x00007fffc3f8b000 	C:\WINDOWS\SYSTEM32\WINMMBASE.dll
0x00007fffc6ca0000 - 0x00007fffc6ce9000 	C:\WINDOWS\System32\cfgmgr32.dll
0x00007fffc2de0000 - 0x00007fffc2def000 	D:\Program Files\Android\Android Studio\jre\jre\bin\verify.dll
0x00007fffc13d0000 - 0x00007fffc13f9000 	D:\Program Files\Android\Android Studio\jre\jre\bin\java.dll
0x00007fffc27e0000 - 0x00007fffc27f6000 	D:\Program Files\Android\Android Studio\jre\jre\bin\zip.dll
0x00007fffc7d10000 - 0x00007fffc9146000 	C:\WINDOWS\System32\SHELL32.dll
0x00007fffc7ac0000 - 0x00007fffc7b6a000 	C:\WINDOWS\System32\shcore.dll
0x00007fffc5e60000 - 0x00007fffc6553000 	C:\WINDOWS\System32\windows.storage.dll
0x00007fffc9770000 - 0x00007fffc97c1000 	C:\WINDOWS\System32\shlwapi.dll
0x00007fffc5d90000 - 0x00007fffc5da1000 	C:\WINDOWS\System32\kernel.appcore.dll
0x00007fffc5df0000 - 0x00007fffc5e3c000 	C:\WINDOWS\System32\powrprof.dll
0x00007fffc5db0000 - 0x00007fffc5dc5000 	C:\WINDOWS\System32\profapi.dll
0x00007fffc2790000 - 0x00007fffc27aa000 	D:\Program Files\Android\Android Studio\jre\jre\bin\net.dll
0x00007fffc56a0000 - 0x00007fffc56fc000 	C:\WINDOWS\system32\mswsock.dll
0x00007fffc0bb0000 - 0x00007fffc0bc1000 	D:\Program Files\Android\Android Studio\jre\jre\bin\nio.dll
0x00007fffba4c0000 - 0x00007fffba4de000 	C:\Users\Muffin\.gradle\native\23\windows-amd64\native-platform.dll
0x00007fffc5840000 - 0x00007fffc5857000 	C:\WINDOWS\SYSTEM32\CRYPTSP.dll
0x00007fffc5260000 - 0x00007fffc5294000 	C:\WINDOWS\system32\rsaenh.dll
0x00007fffc5950000 - 0x00007fffc5975000 	C:\WINDOWS\SYSTEM32\bcrypt.dll
0x00007fffc5cc0000 - 0x00007fffc5ce9000 	C:\WINDOWS\SYSTEM32\USERENV.dll
0x00007fffc5860000 - 0x00007fffc586b000 	C:\WINDOWS\SYSTEM32\CRYPTBASE.dll
0x00007fffc53e0000 - 0x00007fffc5417000 	C:\WINDOWS\SYSTEM32\IPHLPAPI.DLL
0x00007fffc94d0000 - 0x00007fffc94d8000 	C:\WINDOWS\System32\NSI.dll
0x00007fffbec90000 - 0x00007fffbeca6000 	C:\WINDOWS\SYSTEM32\dhcpcsvc6.DLL
0x00007fffbfdb0000 - 0x00007fffbfdca000 	C:\WINDOWS\SYSTEM32\dhcpcsvc.DLL
0x00007fffc0030000 - 0x00007fffc003d000 	D:\Program Files\Android\Android Studio\jre\jre\bin\management.dll

VM Arguments:
jvm_args: -Xmx1536m -Dfile.encoding=windows-1257 -Duser.country=US -Duser.language=en -Duser.variant 
java_command: org.gradle.launcher.daemon.bootstrap.GradleDaemon 3.3
java_class_path (initial): C:\Users\Muffin\.gradle\wrapper\dists\gradle-3.3-all\55gk2rcmfc6p2dg9u9ohc3hw9\gradle-3.3\lib\gradle-launcher-3.3.jar
Launcher Type: SUN_STANDARD

Environment Variables:
PATH=C:\Program Files (x86)\Razer Chroma SDK\bin;C:\Program Files\Razer Chroma SDK\bin;C:\Program Files (x86)\NVIDIA Corporation\PhysX\Common;C:\ProgramData\Oracle\Java\javapath;C:\WINDOWS\system32;C:\WINDOWS;C:\WINDOWS\System32\Wbem;C:\WINDOWS\System32\WindowsPowerShell\v1.0\;C:\WINDOWS\system32\config\systemprofile\.dnx\bin;C:\Program Files\Microsoft DNX\Dnvm\;C:\Program Files\Microsoft SQL Server\130\Tools\Binn\;C:\Users\Muffin\.dnx\bin;C:\WINDOWS\system32\config\systemprofile\AppData\Local\Microsoft\WindowsApps;C:\WINDOWS\system32;C:\WINDOWS;C:\WINDOWS\System32\Wbem;C:\WINDOWS\System32\WindowsPowerShell\v1.0\;C:\Program Files (x86)\Livestreamer;C:\Program Files (x86)\GtkSharp\2.12\bin;C:\Users\Muffin\scoop\shims;C:\Users\Muffin\AppData\Local\Microsoft\WindowsApps;
USERNAME=Muffin
OS=Windows_NT
PROCESSOR_IDENTIFIER=Intel64 Family 6 Model 58 Stepping 9, GenuineIntel



---------------  S Y S T E M  ---------------

OS: Windows 10.0 , 64 bit Build 15063 (10.0.15063.296)

CPU:total 8 (4 cores per cpu, 2 threads per core) family 6 model 58 stepping 9, cmov, cx8, fxsr, mmx, sse, sse2, sse3, ssse3, sse4.1, sse4.2, popcnt, avx, aes, clmul, erms, ht, tsc, tscinvbit, tscinv

Memory: 4k page, physical 16726936k(2805196k free), swap 30432328k(5168k free)

vm_info: OpenJDK 64-Bit Server VM (25.112-b06) for windows-amd64 JRE (1.8.0_112-release-b06), built on Dec  8 2016 00:54:26 by "builder" with MS VC++ 10.0 (VS2010)

time: Sun Oct 01 19:12:01 2017
elapsed time: 4 seconds (0d 0h 0m 4s)

