#
# There is insufficient memory for the Java Runtime Environment to continue.
# Native memory allocation (malloc) failed to allocate 1182656 bytes for Chunk::new
# Possible reasons:
#   The system is out of physical RAM or swap space
#   In 32 bit mode, the process size limit was hit
# Possible solutions:
#   Reduce memory load on the system
#   Increase physical memory or swap space
#   Check if swap backing store is full
#   Use 64 bit Java on a 64 bit OS
#   Decrease Java heap size (-Xmx/-Xms)
#   Decrease number of Java threads
#   Decrease Java thread stack sizes (-Xss)
#   Set larger code cache with -XX:ReservedCodeCacheSize=
# This output file may be truncated or incomplete.
#
#  Out of Memory Error (allocation.cpp:390), pid=11416, tid=0x0000000000001ea0
#
# JRE version: OpenJDK Runtime Environment (8.0_112-b06) (build 1.8.0_112-release-b06)
# Java VM: OpenJDK 64-Bit Server VM (25.112-b06 mixed mode windows-amd64 compressed oops)
# Failed to write core dump. Minidumps are not enabled by default on client versions of Windows
#

---------------  T H R E A D  ---------------

Current thread (0x0000000018b9a000):  JavaThread "C2 CompilerThread0" daemon [_thread_in_native, id=7840, stack(0x0000000019360000,0x0000000019460000)]

Stack: [0x0000000019360000,0x0000000019460000]
[error occurred during error reporting (printing stack bounds), id 0xc0000005]

Native frames: (J=compiled Java code, j=interpreted, Vv=VM code, C=native code)


Current CompileTask:
C2:   2208 1383       4       java.net.URLClassLoader$1::run (5 bytes)


---------------  P R O C E S S  ---------------

Java Threads: ( => current thread )
  0x000000001a7b9800 JavaThread "Stdin handler" [_thread_blocked, id=11360, stack(0x000000001d320000,0x000000001d420000)]
  0x000000001a7c6800 JavaThread "Asynchronous log dispatcher for DefaultDaemonConnection: socket connection from /127.0.0.1:57237 to /127.0.0.1:57238" [_thread_blocked, id=15228, stack(0x000000001d220000,0x000000001d320000)]
  0x000000001a7da800 JavaThread "Daemon worker" [_thread_in_native, id=4132, stack(0x000000001d120000,0x000000001d220000)]
  0x000000001ad06000 JavaThread "Cancel handler" [_thread_blocked, id=2812, stack(0x000000001d020000,0x000000001d120000)]
  0x000000001a931800 JavaThread "pool-1-thread-1" [_thread_blocked, id=13744, stack(0x000000001cf20000,0x000000001d020000)]
  0x000000001ad5a800 JavaThread "Handler for socket connection from /127.0.0.1:57237 to /127.0.0.1:57238" [_thread_in_native, id=15268, stack(0x000000001ce20000,0x000000001cf20000)]
  0x000000001a880800 JavaThread "Daemon" [_thread_blocked, id=3000, stack(0x000000001cd20000,0x000000001ce20000)]
  0x000000001a701000 JavaThread "Incoming local TCP Connector on port 57237" [_thread_in_native, id=13460, stack(0x000000001c640000,0x000000001c740000)]
  0x0000000018c36800 JavaThread "Service Thread" daemon [_thread_blocked, id=1844, stack(0x0000000019760000,0x0000000019860000)]
  0x0000000018ba9000 JavaThread "C1 CompilerThread3" daemon [_thread_blocked, id=11040, stack(0x0000000019660000,0x0000000019760000)]
  0x0000000018ba2000 JavaThread "C2 CompilerThread2" daemon [_thread_blocked, id=11948, stack(0x0000000019560000,0x0000000019660000)]
  0x0000000018ba0000 JavaThread "C2 CompilerThread1" daemon [_thread_in_native, id=11644, stack(0x0000000019460000,0x0000000019560000)]
=>0x0000000018b9a000 JavaThread "C2 CompilerThread0" daemon [_thread_in_native, id=7840, stack(0x0000000019360000,0x0000000019460000)]
  0x0000000018b98000 JavaThread "Attach Listener" daemon [_thread_blocked, id=4036, stack(0x0000000019260000,0x0000000019360000)]
  0x0000000018b97800 JavaThread "Signal Dispatcher" daemon [_thread_blocked, id=8848, stack(0x0000000019160000,0x0000000019260000)]
  0x0000000002ebe000 JavaThread "Finalizer" daemon [_thread_blocked, id=7468, stack(0x0000000018f70000,0x0000000019070000)]
  0x0000000002eb7000 JavaThread "Reference Handler" daemon [_thread_blocked, id=11056, stack(0x0000000018a70000,0x0000000018b70000)]
  0x0000000002dc0800 JavaThread "main" [_thread_blocked, id=400, stack(0x0000000002ca0000,0x0000000002da0000)]

Other Threads:
  0x0000000016c75800 VMThread [stack: 0x0000000018970000,0x0000000018a70000] [id=5148]
  0x0000000018c37000 WatcherThread [stack: 0x0000000019860000,0x0000000019960000] [id=10560]

VM state:not at safepoint (normal execution)

VM Mutex/Monitor currently owned by a thread: None

Heap:
 PSYoungGen      total 76288K, used 43441K [0x00000000e0000000, 0x00000000e5500000, 0x0000000100000000)
  eden space 65536K, 54% used [0x00000000e0000000,0x00000000e229df20,0x00000000e4000000)
  from space 10752K, 74% used [0x00000000e4000000,0x00000000e47ce5b0,0x00000000e4a80000)
  to   space 10752K, 0% used [0x00000000e4a80000,0x00000000e4a80000,0x00000000e5500000)
 ParOldGen       total 175104K, used 16K [0x00000000a0000000, 0x00000000aab00000, 0x00000000e0000000)
  object space 175104K, 0% used [0x00000000a0000000,0x00000000a0004000,0x00000000aab00000)
 Metaspace       used 15960K, capacity 16286K, committed 16512K, reserved 1062912K
  class space    used 2218K, capacity 2322K, committed 2432K, reserved 1048576K

Card table byte_map: [0x0000000012280000,0x0000000012590000] byte_map_base: 0x0000000011d80000

Marking Bits: (ParMarkBitMap*) 0x0000000055ad18f0
 Begin Bits: [0x0000000012f90000, 0x0000000014790000)
 End Bits:   [0x0000000014790000, 0x0000000015f90000)

Polling page: 0x0000000000f90000

CodeCache: size=245760Kb used=5021Kb max_used=5033Kb free=240738Kb
 bounds [0x0000000002ec0000, 0x00000000033b0000, 0x0000000011ec0000]
 total_blobs=1830 nmethods=1441 adapters=302
 compilation: enabled

Compilation events (10 events):
Event: 2.191 Thread 0x0000000018ba9000 nmethod 1439 0x00000000033a6f10 code [0x00000000033a7060, 0x00000000033a7170]
Event: 2.192 Thread 0x0000000018ba9000 1440       3       java.lang.Class::getInterfaces (41 bytes)
Event: 2.192 Thread 0x0000000018ba9000 nmethod 1440 0x00000000033a6410 code [0x00000000033a65c0, 0x00000000033a6a18]
Event: 2.192 Thread 0x0000000018ba9000 1441       3       sun.reflect.Reflection::quickCheckMemberAccess (10 bytes)
Event: 2.192 Thread 0x0000000018ba9000 nmethod 1441 0x00000000033a5fd0 code [0x00000000033a6140, 0x00000000033a6368]
Event: 2.192 Thread 0x0000000018ba0000 1443 %     4       sun.security.provider.SHA::implCompress @ 122 (491 bytes)
Event: 2.193 Thread 0x0000000018ba9000 1444       1       java.io.ObjectStreamClass$FieldReflectorKey::hashCode (5 bytes)
Event: 2.193 Thread 0x0000000018ba9000 nmethod 1444 0x00000000033a5d10 code [0x00000000033a5e60, 0x00000000033a5f70]
Event: 2.205 Thread 0x0000000018ba9000 1445       3       java.lang.Long::valueOf (36 bytes)
Event: 2.205 Thread 0x0000000018ba9000 nmethod 1445 0x00000000033a5650 code [0x00000000033a57c0, 0x00000000033a5b30]

GC Heap History (2 events):
Event: 1.762 GC heap before
{Heap before GC invocations=1 (full 0):
 PSYoungGen      total 76288K, used 65536K [0x00000000e0000000, 0x00000000e5500000, 0x0000000100000000)
  eden space 65536K, 100% used [0x00000000e0000000,0x00000000e4000000,0x00000000e4000000)
  from space 10752K, 0% used [0x00000000e4a80000,0x00000000e4a80000,0x00000000e5500000)
  to   space 10752K, 0% used [0x00000000e4000000,0x00000000e4000000,0x00000000e4a80000)
 ParOldGen       total 175104K, used 0K [0x00000000a0000000, 0x00000000aab00000, 0x00000000e0000000)
  object space 175104K, 0% used [0x00000000a0000000,0x00000000a0000000,0x00000000aab00000)
 Metaspace       used 12720K, capacity 13062K, committed 13184K, reserved 1060864K
  class space    used 1654K, capacity 1806K, committed 1920K, reserved 1048576K
Event: 1.771 GC heap after
Heap after GC invocations=1 (full 0):
 PSYoungGen      total 76288K, used 7993K [0x00000000e0000000, 0x00000000e5500000, 0x0000000100000000)
  eden space 65536K, 0% used [0x00000000e0000000,0x00000000e0000000,0x00000000e4000000)
  from space 10752K, 74% used [0x00000000e4000000,0x00000000e47ce5b0,0x00000000e4a80000)
  to   space 10752K, 0% used [0x00000000e4a80000,0x00000000e4a80000,0x00000000e5500000)
 ParOldGen       total 175104K, used 16K [0x00000000a0000000, 0x00000000aab00000, 0x00000000e0000000)
  object space 175104K, 0% used [0x00000000a0000000,0x00000000a0004000,0x00000000aab00000)
 Metaspace       used 12720K, capacity 13062K, committed 13184K, reserved 1060864K
  class space    used 1654K, capacity 1806K, committed 1920K, reserved 1048576K
}

Deoptimization events (10 events):
Event: 1.693 Thread 0x0000000002dc0800 Uncommon trap: reason=class_check action=maybe_recompile pc=0x0000000003134a8c method=java.util.HashMap.putVal(ILjava/lang/Object;Ljava/lang/Object;ZZ)Ljava/lang/Object; @ 203
Event: 1.706 Thread 0x0000000002dc0800 Uncommon trap: reason=unstable_if action=reinterpret pc=0x000000000311a0a8 method=sun.misc.MetaIndex.mayContain(Ljava/lang/String;)Z @ 38
Event: 1.757 Thread 0x000000001a7da800 Uncommon trap: reason=bimorphic action=maybe_recompile pc=0x0000000003131eb8 method=java.util.HashMap.putVal(ILjava/lang/Object;Ljava/lang/Object;ZZ)Ljava/lang/Object; @ 253
Event: 1.757 Thread 0x000000001a7da800 Uncommon trap: reason=bimorphic action=maybe_recompile pc=0x0000000003131eb8 method=java.util.HashMap.putVal(ILjava/lang/Object;Ljava/lang/Object;ZZ)Ljava/lang/Object; @ 253
Event: 1.757 Thread 0x000000001a7da800 Uncommon trap: reason=bimorphic action=maybe_recompile pc=0x0000000003131eb8 method=java.util.HashMap.putVal(ILjava/lang/Object;Ljava/lang/Object;ZZ)Ljava/lang/Object; @ 253
Event: 1.757 Thread 0x000000001a7da800 Uncommon trap: reason=bimorphic action=maybe_recompile pc=0x0000000003131eb8 method=java.util.HashMap.putVal(ILjava/lang/Object;Ljava/lang/Object;ZZ)Ljava/lang/Object; @ 253
Event: 1.938 Thread 0x000000001a7da800 Uncommon trap: reason=class_check action=maybe_recompile pc=0x000000000312e39c method=java.util.regex.Matcher.match(II)Z @ 86
Event: 1.940 Thread 0x000000001a7da800 Uncommon trap: reason=class_check action=maybe_recompile pc=0x000000000312e39c method=java.util.regex.Matcher.match(II)Z @ 86
Event: 2.147 Thread 0x000000001a7da800 Uncommon trap: reason=unstable_if action=reinterpret pc=0x0000000003013848 method=java.net.URI.match(CJJ)Z @ 19
Event: 2.148 Thread 0x000000001a7da800 Uncommon trap: reason=unstable_if action=reinterpret pc=0x0000000003159e80 method=java.net.URI.match(CJJ)Z @ 19

Internal exceptions (10 events):
Event: 1.722 Thread 0x000000001ad5a800 Exception <a 'java/lang/NoSuchMethodError': <clinit>> (0x00000000e3cf3d60) thrown at [C:\src\android\AOSP-openjdk\external\jetbrains\jdk\hotspot\src\share\vm\prims\jni.cpp, line 1613]
Event: 1.726 Thread 0x000000001ad5a800 Exception <a 'java/lang/NoSuchMethodError': <clinit>> (0x00000000e3d16fb8) thrown at [C:\src\android\AOSP-openjdk\external\jetbrains\jdk\hotspot\src\share\vm\prims\jni.cpp, line 1613]
Event: 1.750 Thread 0x000000001a7da800 Exception <a 'java/lang/NoSuchMethodError': <clinit>> (0x00000000e3f748d8) thrown at [C:\src\android\AOSP-openjdk\external\jetbrains\jdk\hotspot\src\share\vm\prims\jni.cpp, line 1613]
Event: 1.750 Thread 0x000000001a7da800 Exception <a 'java/lang/NoSuchMethodError': <clinit>> (0x00000000e3f7cb60) thrown at [C:\src\android\AOSP-openjdk\external\jetbrains\jdk\hotspot\src\share\vm\prims\jni.cpp, line 1613]
Event: 1.791 Thread 0x000000001a7da800 Exception <a 'java/lang/ArrayIndexOutOfBoundsException'> (0x00000000e02ab3b0) thrown at [C:\src\android\AOSP-openjdk\external\jetbrains\jdk\hotspot\src\share\vm\runtime\sharedRuntime.cpp, line 605]
Event: 1.802 Thread 0x000000001a7da800 Exception <a 'java/lang/ArrayIndexOutOfBoundsException'> (0x00000000e037c958) thrown at [C:\src\android\AOSP-openjdk\external\jetbrains\jdk\hotspot\src\share\vm\runtime\sharedRuntime.cpp, line 605]
Event: 2.191 Thread 0x000000001a7da800 Exception <a 'java/lang/NoSuchMethodError': <clinit>> (0x00000000e20f9d08) thrown at [C:\src\android\AOSP-openjdk\external\jetbrains\jdk\hotspot\src\share\vm\prims\jni.cpp, line 1613]
Event: 2.192 Thread 0x000000001a7da800 Exception <a 'java/lang/NoSuchMethodError': <clinit>> (0x00000000e20fc4d8) thrown at [C:\src\android\AOSP-openjdk\external\jetbrains\jdk\hotspot\src\share\vm\prims\jni.cpp, line 1613]
Event: 2.192 Thread 0x000000001a7da800 Exception <a 'java/lang/NoSuchMethodError': <clinit>> (0x00000000e2108838) thrown at [C:\src\android\AOSP-openjdk\external\jetbrains\jdk\hotspot\src\share\vm\prims\jni.cpp, line 1613]
Event: 2.193 Thread 0x000000001a7da800 Exception <a 'java/lang/NoSuchMethodError': <clinit>> (0x00000000e2112ca8) thrown at [C:\src\android\AOSP-openjdk\external\jetbrains\jdk\hotspot\src\share\vm\prims\jni.cpp, line 1613]

Events (10 events):
Event: 2.202 loading class org/gradle/tooling/internal/provider/serialization/DefaultPayloadClassLoaderRegistry$2
Event: 2.202 loading class org/gradle/tooling/internal/provider/serialization/DefaultPayloadClassLoaderRegistry$2 done
Event: 2.202 loading class org/gradle/tooling/internal/provider/serialization/WellKnownClassLoaderRegistry$2
Event: 2.202 loading class org/gradle/tooling/internal/provider/serialization/WellKnownClassLoaderRegistry$2 done
Event: 2.203 loading class org/gradle/internal/serialize/ExceptionReplacingObjectInputStream$1
Event: 2.203 loading class org/gradle/internal/serialize/ExceptionReplacingObjectInputStream$1 done
Event: 2.204 loading class org/gradle/internal/classpath/DefaultCachedClasspathTransformer$1
Event: 2.204 loading class org/gradle/internal/classpath/DefaultCachedClasspathTransformer$1 done
Event: 2.205 loading class org/gradle/internal/classpath/DefaultCachedClasspathTransformer$CachedJarFileTransformer$1
Event: 2.205 loading class org/gradle/internal/classpath/DefaultCachedClasspathTransformer$CachedJarFileTransformer$1 done


Dynamic libraries:
0x00007ff78e7a0000 - 0x00007ff78e7d1000 	D:\Program Files\Android\Android Studio\jre\bin\java.exe
0x00007fffc9920000 - 0x00007fffc9afb000 	C:\WINDOWS\SYSTEM32\ntdll.dll
0x00007fffc71c0000 - 0x00007fffc726e000 	C:\WINDOWS\System32\KERNEL32.DLL
0x00007fffc6880000 - 0x00007fffc6ac9000 	C:\WINDOWS\System32\KERNELBASE.dll
0x00007fffc78c0000 - 0x00007fffc7961000 	C:\WINDOWS\System32\ADVAPI32.dll
0x00007fffc7ba0000 - 0x00007fffc7c3d000 	C:\WINDOWS\System32\msvcrt.dll
0x00007fffc7420000 - 0x00007fffc7479000 	C:\WINDOWS\System32\sechost.dll
0x00007fffc7080000 - 0x00007fffc71a5000 	C:\WINDOWS\System32\RPCRT4.dll
0x00007fffc97d0000 - 0x00007fffc991a000 	C:\WINDOWS\System32\USER32.dll
0x00007fffc5e40000 - 0x00007fffc5e5e000 	C:\WINDOWS\System32\win32u.dll
0x00007fffc7b70000 - 0x00007fffc7b97000 	C:\WINDOWS\System32\GDI32.dll
0x00007fffc6cf0000 - 0x00007fffc6e78000 	C:\WINDOWS\System32\gdi32full.dll
0x00007fffc6630000 - 0x00007fffc66ca000 	C:\WINDOWS\System32\msvcp_win.dll
0x00007fffc6780000 - 0x00007fffc6876000 	C:\WINDOWS\System32\ucrtbase.dll
0x00007fffba020000 - 0x00007fffba287000 	C:\WINDOWS\WinSxS\amd64_microsoft.windows.common-controls_6595b64144ccf1df_6.0.15063.483_none_26002d27e7c744a2\COMCTL32.dll
0x00007fffc91d0000 - 0x00007fffc94c9000 	C:\WINDOWS\System32\combase.dll
0x00007fffc65c0000 - 0x00007fffc662a000 	C:\WINDOWS\System32\bcryptPrimitives.dll
0x00007fffc6ff0000 - 0x00007fffc701d000 	C:\WINDOWS\System32\IMM32.DLL
0x0000000055150000 - 0x0000000055222000 	D:\Program Files\Android\Android Studio\jre\jre\bin\msvcr100.dll
0x0000000055310000 - 0x0000000055b4c000 	D:\Program Files\Android\Android Studio\jre\jre\bin\server\jvm.dll
0x00007fffc7410000 - 0x00007fffc7418000 	C:\WINDOWS\System32\PSAPI.DLL
0x00007fffc0000000 - 0x00007fffc000a000 	C:\WINDOWS\SYSTEM32\VERSION.dll
0x00007fffc2f00000 - 0x00007fffc2f09000 	C:\WINDOWS\SYSTEM32\WSOCK32.dll
0x00007fffc4250000 - 0x00007fffc4273000 	C:\WINDOWS\SYSTEM32\WINMM.dll
0x00007fffc7c40000 - 0x00007fffc7cac000 	C:\WINDOWS\System32\WS2_32.dll
0x00007fffc3f60000 - 0x00007fffc3f8b000 	C:\WINDOWS\SYSTEM32\winmmbase.dll
0x00007fffc6ca0000 - 0x00007fffc6ce9000 	C:\WINDOWS\System32\cfgmgr32.dll
0x00007fffc2de0000 - 0x00007fffc2def000 	D:\Program Files\Android\Android Studio\jre\jre\bin\verify.dll
0x00007fffc13d0000 - 0x00007fffc13f9000 	D:\Program Files\Android\Android Studio\jre\jre\bin\java.dll
0x00007fffc27e0000 - 0x00007fffc27f6000 	D:\Program Files\Android\Android Studio\jre\jre\bin\zip.dll
0x00007fffc7d10000 - 0x00007fffc9146000 	C:\WINDOWS\System32\SHELL32.dll
0x00007fffc7ac0000 - 0x00007fffc7b6a000 	C:\WINDOWS\System32\shcore.dll
0x00007fffc5e60000 - 0x00007fffc6553000 	C:\WINDOWS\System32\windows.storage.dll
0x00007fffc9770000 - 0x00007fffc97c1000 	C:\WINDOWS\System32\shlwapi.dll
0x00007fffc5d90000 - 0x00007fffc5da1000 	C:\WINDOWS\System32\kernel.appcore.dll
0x00007fffc5df0000 - 0x00007fffc5e3c000 	C:\WINDOWS\System32\powrprof.dll
0x00007fffc5db0000 - 0x00007fffc5dc5000 	C:\WINDOWS\System32\profapi.dll
0x00007fffc2790000 - 0x00007fffc27aa000 	D:\Program Files\Android\Android Studio\jre\jre\bin\net.dll
0x00007fffc56a0000 - 0x00007fffc56fc000 	C:\WINDOWS\system32\mswsock.dll
0x00007fffc0bb0000 - 0x00007fffc0bc1000 	D:\Program Files\Android\Android Studio\jre\jre\bin\nio.dll
0x00007fffba4c0000 - 0x00007fffba4de000 	C:\Users\Muffin\.gradle\native\23\windows-amd64\native-platform.dll
0x00007fffc5840000 - 0x00007fffc5857000 	C:\WINDOWS\SYSTEM32\CRYPTSP.dll
0x00007fffc5260000 - 0x00007fffc5294000 	C:\WINDOWS\system32\rsaenh.dll
0x00007fffc5950000 - 0x00007fffc5975000 	C:\WINDOWS\SYSTEM32\bcrypt.dll
0x00007fffc5cc0000 - 0x00007fffc5ce9000 	C:\WINDOWS\SYSTEM32\USERENV.dll
0x00007fffc5860000 - 0x00007fffc586b000 	C:\WINDOWS\SYSTEM32\CRYPTBASE.dll
0x00007fffc53e0000 - 0x00007fffc5417000 	C:\WINDOWS\SYSTEM32\IPHLPAPI.DLL
0x00007fffc94d0000 - 0x00007fffc94d8000 	C:\WINDOWS\System32\NSI.dll
0x00007fffbec90000 - 0x00007fffbeca6000 	C:\WINDOWS\SYSTEM32\dhcpcsvc6.DLL
0x00007fffbfdb0000 - 0x00007fffbfdca000 	C:\WINDOWS\SYSTEM32\dhcpcsvc.DLL
0x00007fffc0030000 - 0x00007fffc003d000 	D:\Program Files\Android\Android Studio\jre\jre\bin\management.dll

VM Arguments:
jvm_args: -Xmx1536m -Dfile.encoding=windows-1257 -Duser.country=US -Duser.language=en -Duser.variant 
java_command: org.gradle.launcher.daemon.bootstrap.GradleDaemon 3.3
java_class_path (initial): C:\Users\Muffin\.gradle\wrapper\dists\gradle-3.3-all\55gk2rcmfc6p2dg9u9ohc3hw9\gradle-3.3\lib\gradle-launcher-3.3.jar
Launcher Type: SUN_STANDARD

Environment Variables:
PATH=C:\Program Files (x86)\Razer Chroma SDK\bin;C:\Program Files\Razer Chroma SDK\bin;C:\Program Files (x86)\NVIDIA Corporation\PhysX\Common;C:\ProgramData\Oracle\Java\javapath;C:\WINDOWS\system32;C:\WINDOWS;C:\WINDOWS\System32\Wbem;C:\WINDOWS\System32\WindowsPowerShell\v1.0\;C:\WINDOWS\system32\config\systemprofile\.dnx\bin;C:\Program Files\Microsoft DNX\Dnvm\;C:\Program Files\Microsoft SQL Server\130\Tools\Binn\;C:\Users\Muffin\.dnx\bin;C:\WINDOWS\system32\config\systemprofile\AppData\Local\Microsoft\WindowsApps;C:\WINDOWS\system32;C:\WINDOWS;C:\WINDOWS\System32\Wbem;C:\WINDOWS\System32\WindowsPowerShell\v1.0\;C:\Program Files (x86)\Livestreamer;C:\Program Files (x86)\GtkSharp\2.12\bin;C:\Users\Muffin\scoop\shims;C:\Users\Muffin\AppData\Local\Microsoft\WindowsApps;
USERNAME=Muffin
OS=Windows_NT
PROCESSOR_IDENTIFIER=Intel64 Family 6 Model 58 Stepping 9, GenuineIntel



---------------  S Y S T E M  ---------------

OS: Windows 10.0 , 64 bit Build 15063 (10.0.15063.296)

CPU:total 8 (4 cores per cpu, 2 threads per core) family 6 model 58 stepping 9, cmov, cx8, fxsr, mmx, sse, sse2, sse3, ssse3, sse4.1, sse4.2, popcnt, avx, aes, clmul, erms, ht, tsc, tscinvbit, tscinv

Memory: 4k page, physical 16726936k(3606700k free), swap 30432328k(7076k free)

vm_info: OpenJDK 64-Bit Server VM (25.112-b06) for windows-amd64 JRE (1.8.0_112-release-b06), built on Dec  8 2016 00:54:26 by "builder" with MS VC++ 10.0 (VS2010)

time: Sun Oct 01 19:12:42 2017
elapsed time: 2 seconds (0d 0h 0m 2s)

